<?xml version="1.0" encoding="UTF-8"?>
<testsuites>
  <testsuite name="pca_pSVD" timestamp="2025-10-19T23:11:07Z" hostname="sat12-bq164-525b5362-ed06-431e-9600-4e53861a7593-B60382AA92B1.local" tests="78" skipped="0" failures="0" errors="0" time="1.543">
    <testcase time="0.571" classname="pca_pSVD" name="pca_pSVD_basic_structure_dimensions"/>
    <testcase time="0.00900000000000001" classname="pca_pSVD" name="pca_pSVD_basic_structure_dimensions"/>
    <testcase time="0.004" classname="pca_pSVD" name="pca_pSVD_basic_structure_dimensions"/>
    <testcase time="0.00800000000000001" classname="pca_pSVD" name="pca_pSVD_basic_structure_dimensions"/>
    <testcase time="0.001" classname="pca_pSVD" name="pca_pSVD_basic_structure_dimensions"/>
    <testcase time="0.001" classname="pca_pSVD" name="pca_pSVD_basic_structure_dimensions"/>
    <testcase time="0" classname="pca_pSVD" name="pca_pSVD_basic_structure_dimensions"/>
    <testcase time="0.001" classname="pca_pSVD" name="pca_pSVD_basic_structure_dimensions"/>
    <testcase time="0.023" classname="pca_pSVD" name="pca_pSVD_vs_prcomp_sdev_variance_explained_close"/>
    <testcase time="0.002" classname="pca_pSVD" name="pca_pSVD_vs_prcomp_sdev_variance_explained_close"/>
    <testcase time="0.572" classname="pca_pSVD" name="pca_pSVD_vs_mixOmics_pca_sign_invariant_loadings_close"/>
    <testcase time="0.00099999999999989" classname="pca_pSVD" name="pca_pSVD_vs_mixOmics_pca_sign_invariant_loadings_close"/>
    <testcase time="0.002" classname="pca_pSVD" name="pca_pSVD_vs_mixOmics_pca_sign_invariant_loadings_close"/>
    <testcase time="0.002" classname="pca_pSVD" name="pca_pSVD_vs_mixOmics_pca_sign_invariant_loadings_close"/>
    <testcase time="0.00100000000000011" classname="pca_pSVD" name="pca_pSVD_vs_mixOmics_pca_sign_invariant_loadings_close"/>
    <testcase time="0.00299999999999989" classname="pca_pSVD" name="CLR_logratio_is_treated_as_none_"/>
    <testcase time="0.0490000000000002" classname="pca_pSVD" name="CLR_logratio_is_treated_as_none_"/>
    <testcase time="0.0069999999999999" classname="pca_pSVD" name="fallback_to_svd_works_when_svds_unavailable"/>
    <testcase time="0.00100000000000011" classname="pca_pSVD" name="fallback_to_svd_works_when_svds_unavailable"/>
    <testcase time="0.00099999999999989" classname="pca_pSVD" name="fallback_to_svd_works_when_svds_unavailable"/>
    <testcase time="0.002" classname="pca_pSVD" name="fallback_to_svd_works_when_svds_unavailable"/>
    <testcase time="0.0209999999999999" classname="pca_pSVD" name="missing_values_delegate_to_mixOmics_if_installed_"/>
    <testcase time="0.00700000000000012" classname="pca_pSVD" name="ILR_transformation_delegates_to_mixOmics_if_installed_"/>
    <testcase time="0.004" classname="pca_pSVD" name="results_are_numerically_stable_across_platforms"/>
    <testcase time="0.00299999999999989" classname="pca_pSVD" name="results_are_numerically_stable_across_platforms"/>
    <testcase time="0.002" classname="pca_pSVD" name="results_are_numerically_stable_across_platforms"/>
    <testcase time="0.00300000000000011" classname="pca_pSVD" name="results_are_numerically_stable_across_platforms"/>
    <testcase time="0.00800000000000001" classname="pca_pSVD" name="results_are_numerically_stable_across_platforms"/>
    <testcase time="0.006" classname="pca_pSVD" name="handles_edge_cases_consistently"/>
    <testcase time="0.002" classname="pca_pSVD" name="handles_edge_cases_consistently"/>
    <testcase time="0.00099999999999989" classname="pca_pSVD" name="handles_edge_cases_consistently"/>
    <testcase time="0.002" classname="pca_pSVD" name="handles_edge_cases_consistently"/>
    <testcase time="0.002" classname="pca_pSVD" name="handles_edge_cases_consistently"/>
    <testcase time="0.002" classname="pca_pSVD" name="handles_edge_cases_consistently"/>
    <testcase time="0" classname="pca_pSVD" name="handles_edge_cases_consistently"/>
    <testcase time="0.00500000000000012" classname="pca_pSVD" name="input_validation_catches_invalid_inputs"/>
    <testcase time="0.107" classname="pca_pSVD" name="input_validation_catches_invalid_inputs"/>
    <testcase time="0.00299999999999989" classname="pca_pSVD" name="input_validation_catches_invalid_inputs"/>
    <testcase time="0.00300000000000011" classname="pca_pSVD" name="input_validation_catches_invalid_inputs"/>
    <testcase time="0.002" classname="pca_pSVD" name="input_validation_catches_invalid_inputs"/>
    <testcase time="0.002" classname="pca_pSVD" name="input_validation_catches_invalid_inputs"/>
    <testcase time="0.00099999999999989" classname="pca_pSVD" name="input_validation_catches_invalid_inputs"/>
    <testcase time="0.00100000000000011" classname="pca_pSVD" name="input_validation_catches_invalid_inputs"/>
    <testcase time="0.00099999999999989" classname="pca_pSVD" name="input_validation_catches_invalid_inputs"/>
    <testcase time="0.004" classname="pca_pSVD" name="sparse_matrix_handling_works_correctly"/>
    <testcase time="0.00500000000000012" classname="pca_pSVD" name="sparse_matrix_handling_works_correctly"/>
    <testcase time="0.00800000000000001" classname="pca_pSVD" name="sparse_matrix_handling_works_correctly"/>
    <testcase time="0.002" classname="pca_pSVD" name="sparse_matrix_handling_works_correctly"/>
    <testcase time="0.002" classname="pca_pSVD" name="zero_variance_columns_handled_correctly"/>
    <testcase time="0.00099999999999989" classname="pca_pSVD" name="zero_variance_columns_handled_correctly"/>
    <testcase time="0.002" classname="pca_pSVD" name="zero_variance_columns_handled_correctly"/>
    <testcase time="0.00300000000000011" classname="pca_pSVD" name="all_center_scale_combinations_work"/>
    <testcase time="0.002" classname="pca_pSVD" name="all_center_scale_combinations_work"/>
    <testcase time="0.00299999999999989" classname="pca_pSVD" name="all_center_scale_combinations_work"/>
    <testcase time="0.002" classname="pca_pSVD" name="all_center_scale_combinations_work"/>
    <testcase time="0.00100000000000011" classname="pca_pSVD" name="all_center_scale_combinations_work"/>
    <testcase time="0.00099999999999989" classname="pca_pSVD" name="all_center_scale_combinations_work"/>
    <testcase time="0.002" classname="pca_pSVD" name="all_center_scale_combinations_work"/>
    <testcase time="0.00100000000000011" classname="pca_pSVD" name="all_center_scale_combinations_work"/>
    <testcase time="0.004" classname="pca_pSVD" name="multilevel_parameter_adds_mlpca_class_and_processes_data"/>
    <testcase time="0.002" classname="pca_pSVD" name="multilevel_parameter_adds_mlpca_class_and_processes_data"/>
    <testcase time="0.002" classname="pca_pSVD" name="multilevel_parameter_adds_mlpca_class_and_processes_data"/>
    <testcase time="0.004" classname="pca_pSVD" name="multilevel_parameter_adds_mlpca_class_and_processes_data"/>
    <testcase time="0.002" classname="pca_pSVD" name="multilevel_parameter_adds_mlpca_class_and_processes_data"/>
    <testcase time="0.00299999999999989" classname="pca_pSVD" name="multilevel_parameter_adds_mlpca_class_and_processes_data"/>
    <testcase time="0.00100000000000011" classname="pca_pSVD" name="multilevel_parameter_adds_mlpca_class_and_processes_data"/>
    <testcase time="0.00099999999999989" classname="pca_pSVD" name="multilevel_parameter_adds_mlpca_class_and_processes_data"/>
    <testcase time="0.00100000000000011" classname="pca_pSVD" name="multilevel_parameter_adds_mlpca_class_and_processes_data"/>
    <testcase time="0.0069999999999999" classname="pca_pSVD" name="multilevel_matches_mixOmics_pca_results"/>
    <testcase time="0.00100000000000011" classname="pca_pSVD" name="multilevel_matches_mixOmics_pca_results"/>
    <testcase time="0.00099999999999989" classname="pca_pSVD" name="multilevel_matches_mixOmics_pca_results"/>
    <testcase time="0.002" classname="pca_pSVD" name="multilevel_matches_mixOmics_pca_results"/>
    <testcase time="0.00499999999999989" classname="pca_pSVD" name="multilevel_validation_catches_errors"/>
    <testcase time="0.00300000000000011" classname="pca_pSVD" name="multilevel_validation_catches_errors"/>
    <testcase time="0.004" classname="pca_pSVD" name="multilevel_without_mixOmics_throws_error"/>
    <testcase time="0.004" classname="pca_pSVD" name="mixOmics_absence_causes_appropriate_errors"/>
    <testcase time="0.00299999999999989" classname="pca_pSVD" name="mixOmics_absence_causes_appropriate_errors"/>
    <testcase time="0.00500000000000012" classname="pca_pSVD" name="rARPACK_fallback_on_sparse_warns_about_densification"/>
  </testsuite>
</testsuites>
